TN:
SF:app\_layout.tsx
FN:4,Layout
FNF:1
FNH:0
FNDA:0,Layout
DA:5,0
LF:1
LH:0
BRF:0
BRH:0
end_of_record
TN:
SF:app\(tabs)\Movies.tsx
FN:17,(anonymous_0)
FN:25,(anonymous_1)
FN:27,(anonymous_2)
FN:34,(anonymous_3)
FN:44,(anonymous_4)
FN:85,(anonymous_5)
FN:88,(anonymous_6)
FN:90,(anonymous_7)
FN:109,(anonymous_8)
FN:109,(anonymous_9)
FN:119,(anonymous_10)
FN:120,(anonymous_11)
FNF:12
FNH:2
FNDA:14,(anonymous_0)
FNDA:1,(anonymous_1)
FNDA:0,(anonymous_2)
FNDA:0,(anonymous_3)
FNDA:0,(anonymous_4)
FNDA:0,(anonymous_5)
FNDA:0,(anonymous_6)
FNDA:0,(anonymous_7)
FNDA:0,(anonymous_8)
FNDA:0,(anonymous_9)
FNDA:0,(anonymous_10)
FNDA:0,(anonymous_11)
DA:17,1
DA:18,14
DA:20,14
DA:21,13
DA:22,13
DA:23,13
DA:25,13
DA:26,1
DA:27,0
DA:28,0
DA:29,0
DA:34,13
DA:35,0
DA:38,13
DA:39,13
DA:44,13
DA:45,0
DA:46,0
DA:47,0
DA:48,0
DA:50,0
DA:51,0
DA:55,0
DA:56,0
DA:60,0
DA:61,0
DA:70,0
DA:73,13
DA:74,1
DA:81,12
DA:85,0
DA:89,0
DA:90,0
DA:109,0
DA:120,0
LF:35
LH:15
BRDA:26,0,0,0
BRDA:26,0,1,1
BRDA:55,1,0,0
BRDA:55,1,1,0
BRDA:73,2,0,1
BRDA:73,2,1,12
BRF:6
BRH:3
end_of_record
TN:
SF:app\(tabs)\ProfileSettings.tsx
FN:11,(anonymous_0)
FN:22,(anonymous_1)
FN:23,(anonymous_2)
FN:46,(anonymous_3)
FN:60,(anonymous_4)
FNF:5
FNH:3
FNDA:25,(anonymous_0)
FNDA:8,(anonymous_1)
FNDA:8,(anonymous_2)
FNDA:0,(anonymous_3)
FNDA:0,(anonymous_4)
DA:11,1
DA:12,25
DA:13,24
DA:14,24
DA:15,24
DA:16,24
DA:17,24
DA:18,24
DA:19,24
DA:22,24
DA:23,8
DA:24,8
DA:27,8
DA:28,8
DA:29,8
DA:32,8
DA:33,8
DA:34,8
DA:35,8
DA:36,8
DA:37,8
DA:40,8
DA:43,8
DA:46,24
DA:47,0
DA:54,0
DA:55,0
DA:56,0
DA:60,24
DA:61,0
DA:62,0
DA:63,0
DA:66,0
DA:67,0
DA:68,0
DA:71,0
DA:72,0
DA:73,0
DA:74,0
DA:79,0
DA:85,0
DA:86,0
DA:87,0
DA:89,0
DA:92,0
DA:93,0
DA:95,0
DA:99,24
DA:100,8
DA:108,16
LF:50
LH:28
BRDA:28,0,0,8
BRDA:28,0,1,0
BRDA:33,1,0,8
BRDA:33,1,1,0
BRDA:54,2,0,0
BRDA:54,2,1,0
BRDA:61,3,0,0
BRDA:61,3,1,0
BRDA:71,4,0,0
BRDA:71,4,1,0
BRDA:71,5,0,0
BRDA:71,5,1,0
BRDA:73,6,0,0
BRDA:73,6,1,0
BRDA:82,7,0,0
BRDA:82,7,1,0
BRDA:85,8,0,0
BRDA:85,8,1,0
BRDA:99,9,0,8
BRDA:99,9,1,16
BRDA:111,10,0,16
BRDA:111,10,1,0
BRDA:149,11,0,0
BRDA:149,11,1,16
BRF:24
BRH:6
end_of_record
TN:
SF:app\(tabs)\Recomendations.tsx
FN:10,(anonymous_0)
FN:16,(anonymous_1)
FN:17,(anonymous_2)
FN:24,(anonymous_3)
FN:34,(anonymous_4)
FN:56,(anonymous_5)
FN:59,(anonymous_6)
FN:61,(anonymous_7)
FN:76,(anonymous_8)
FN:76,(anonymous_9)
FN:86,(anonymous_10)
FN:86,(anonymous_11)
FNF:12
FNH:1
FNDA:17,(anonymous_0)
FNDA:0,(anonymous_1)
FNDA:0,(anonymous_2)
FNDA:0,(anonymous_3)
FNDA:0,(anonymous_4)
FNDA:0,(anonymous_5)
FNDA:0,(anonymous_6)
FNDA:0,(anonymous_7)
FNDA:0,(anonymous_8)
FNDA:0,(anonymous_9)
FNDA:0,(anonymous_10)
FNDA:0,(anonymous_11)
DA:10,1
DA:11,17
DA:12,16
DA:13,16
DA:14,16
DA:16,16
DA:17,0
DA:18,0
DA:19,0
DA:21,0
DA:24,16
DA:25,0
DA:28,16
DA:29,16
DA:34,16
DA:35,0
DA:36,0
DA:37,0
DA:38,0
DA:40,0
DA:41,0
DA:43,0
DA:44,0
DA:46,0
DA:47,0
DA:49,0
DA:52,16
DA:56,0
DA:60,0
DA:61,0
DA:76,0
DA:86,0
LF:32
LH:11
BRDA:43,0,0,0
BRDA:43,0,1,0
BRF:2
BRH:0
end_of_record
TN:
SF:app\(tabs)\SavedMovies.tsx
FN:11,(anonymous_0)
FN:17,(anonymous_1)
FN:18,(anonymous_2)
FN:28,(anonymous_3)
FN:38,(anonymous_4)
FN:60,(anonymous_5)
FN:63,(anonymous_6)
FN:65,(anonymous_7)
FN:80,(anonymous_8)
FN:80,(anonymous_9)
FN:90,(anonymous_10)
FN:90,(anonymous_11)
FNF:12
FNH:1
FNDA:7,(anonymous_0)
FNDA:0,(anonymous_1)
FNDA:0,(anonymous_2)
FNDA:0,(anonymous_3)
FNDA:0,(anonymous_4)
FNDA:0,(anonymous_5)
FNDA:0,(anonymous_6)
FNDA:0,(anonymous_7)
FNDA:0,(anonymous_8)
FNDA:0,(anonymous_9)
FNDA:0,(anonymous_10)
FNDA:0,(anonymous_11)
DA:11,1
DA:12,7
DA:13,6
DA:14,6
DA:15,6
DA:17,6
DA:18,0
DA:19,0
DA:20,0
DA:21,0
DA:22,0
DA:25,0
DA:28,6
DA:29,0
DA:32,6
DA:33,6
DA:38,6
DA:39,0
DA:40,0
DA:41,0
DA:42,0
DA:44,0
DA:45,0
DA:47,0
DA:48,0
DA:50,0
DA:51,0
DA:53,0
DA:56,6
DA:60,0
DA:64,0
DA:65,0
DA:80,0
DA:90,0
LF:34
LH:11
BRDA:20,0,0,0
BRDA:20,0,1,0
BRDA:47,1,0,0
BRDA:47,1,1,0
BRF:4
BRH:0
end_of_record
TN:
SF:app\(tabs)\SearchResultScreen.tsx
FN:21,(anonymous_0)
FN:32,(anonymous_1)
FN:35,(anonymous_2)
FN:54,(anonymous_3)
FN:63,(anonymous_4)
FNF:5
FNH:0
FNDA:0,(anonymous_0)
FNDA:0,(anonymous_1)
FNDA:0,(anonymous_2)
FNDA:0,(anonymous_3)
FNDA:0,(anonymous_4)
DA:21,0
DA:22,0
DA:26,0
DA:28,0
DA:32,0
DA:33,0
DA:35,0
DA:51,0
DA:54,0
DA:63,0
LF:10
LH:0
BRDA:28,0,0,0
BRDA:28,0,1,0
BRF:2
BRH:0
end_of_record
TN:
SF:app\(tabs)\SignUpPage.tsx
FN:11,SignUp
FN:19,handleSignUp
FN:36,pickImage
FN:58,requestPermissions
FN:70,(anonymous_4)
FNF:5
FNH:0
FNDA:0,SignUp
FNDA:0,handleSignUp
FNDA:0,pickImage
FNDA:0,requestPermissions
FNDA:0,(anonymous_4)
DA:12,0
DA:13,0
DA:14,0
DA:15,0
DA:16,0
DA:17,0
DA:20,0
DA:21,0
DA:24,0
DA:26,0
DA:27,0
DA:29,0
DA:30,0
DA:32,0
DA:37,0
DA:39,0
DA:41,0
DA:48,0
DA:50,0
DA:53,0
DA:54,0
DA:59,0
DA:60,0
DA:61,0
DA:62,0
DA:66,0
DA:70,0
LF:27
LH:0
BRDA:30,0,0,0
BRDA:30,0,1,0
BRDA:48,1,0,0
BRDA:48,1,1,0
BRDA:48,2,0,0
BRDA:48,2,1,0
BRDA:48,2,2,0
BRDA:60,3,0,0
BRDA:60,3,1,0
BRDA:68,4,0,0
BRDA:68,4,1,0
BRDA:117,5,0,0
BRDA:117,5,1,0
BRF:13
BRH:0
end_of_record
TN:
SF:app\(tabs)\_layout.tsx
FN:7,(anonymous_0)
FN:18,(anonymous_1)
FN:21,(anonymous_2)
FN:29,(anonymous_3)
FN:37,(anonymous_4)
FN:40,(anonymous_5)
FN:41,(anonymous_6)
FN:45,(anonymous_7)
FN:50,(anonymous_8)
FN:60,(anonymous_9)
FN:64,(anonymous_10)
FN:71,(anonymous_11)
FN:78,(anonymous_12)
FN:87,(anonymous_13)
FN:95,(anonymous_14)
FNF:15
FNH:0
FNDA:0,(anonymous_0)
FNDA:0,(anonymous_1)
FNDA:0,(anonymous_2)
FNDA:0,(anonymous_3)
FNDA:0,(anonymous_4)
FNDA:0,(anonymous_5)
FNDA:0,(anonymous_6)
FNDA:0,(anonymous_7)
FNDA:0,(anonymous_8)
FNDA:0,(anonymous_9)
FNDA:0,(anonymous_10)
FNDA:0,(anonymous_11)
FNDA:0,(anonymous_12)
FNDA:0,(anonymous_13)
FNDA:0,(anonymous_14)
DA:7,0
DA:8,0
DA:9,0
DA:18,0
DA:21,0
DA:29,0
DA:37,0
DA:38,0
DA:40,0
DA:41,0
DA:42,0
DA:45,0
DA:46,0
DA:48,0
DA:50,0
DA:51,0
DA:54,0
DA:55,0
DA:56,0
DA:57,0
DA:60,0
DA:61,0
DA:62,0
DA:64,0
DA:65,0
DA:68,0
DA:71,0
DA:72,0
DA:73,0
DA:75,0
DA:76,0
DA:78,0
DA:79,0
DA:82,0
DA:84,0
DA:87,0
DA:88,0
DA:90,0
DA:92,0
DA:95,0
DA:96,0
LF:41
LH:0
BRF:0
BRH:0
end_of_record
TN:
SF:app\(tabs)\index.tsx
FN:17,Auth
FN:24,(anonymous_1)
FN:32,(anonymous_2)
FN:38,signInWithEmail
FN:55,signUpWithEmail
FN:59,(anonymous_5)
FN:60,checkUser
FNF:7
FNH:0
FNDA:0,Auth
FNDA:0,(anonymous_1)
FNDA:0,(anonymous_2)
FNDA:0,signInWithEmail
FNDA:0,signUpWithEmail
FNDA:0,(anonymous_5)
FNDA:0,checkUser
DA:18,0
DA:19,0
DA:20,0
DA:22,0
DA:24,0
DA:25,0
DA:32,0
DA:33,0
DA:39,0
DA:40,0
DA:41,0
DA:42,0
DA:43,0
DA:45,0
DA:46,0
DA:49,0
DA:51,0
DA:56,0
DA:59,0
DA:61,0
DA:62,0
DA:63,0
DA:65,0
DA:68,0
LF:24
LH:0
BRDA:42,0,0,0
BRDA:42,0,1,0
BRDA:62,1,0,0
BRDA:62,1,1,0
BRDA:75,2,0,0
BRDA:75,2,1,0
BRF:6
BRH:0
end_of_record
TN:
SF:app\(tabs)\categories\[category].tsx
FN:18,(anonymous_0)
FN:26,(anonymous_1)
FN:28,(anonymous_2)
FN:43,(anonymous_3)
FN:57,(anonymous_4)
FN:101,(anonymous_5)
FN:104,(anonymous_6)
FN:106,(anonymous_7)
FN:123,(anonymous_8)
FN:123,(anonymous_9)
FN:133,(anonymous_10)
FN:133,(anonymous_11)
FNF:12
FNH:0
FNDA:0,(anonymous_0)
FNDA:0,(anonymous_1)
FNDA:0,(anonymous_2)
FNDA:0,(anonymous_3)
FNDA:0,(anonymous_4)
FNDA:0,(anonymous_5)
FNDA:0,(anonymous_6)
FNDA:0,(anonymous_7)
FNDA:0,(anonymous_8)
FNDA:0,(anonymous_9)
FNDA:0,(anonymous_10)
FNDA:0,(anonymous_11)
DA:18,0
DA:19,0
DA:20,0
DA:21,0
DA:22,0
DA:23,0
DA:24,0
DA:26,0
DA:27,0
DA:28,0
DA:29,0
DA:30,0
DA:31,0
DA:32,0
DA:33,0
DA:36,0
DA:37,0
DA:40,0
DA:43,0
DA:44,0
DA:48,0
DA:50,0
DA:57,0
DA:58,0
DA:59,0
DA:60,0
DA:61,0
DA:63,0
DA:64,0
DA:66,0
DA:67,0
DA:69,0
DA:70,0
DA:72,0
DA:76,0
DA:77,0
DA:87,0
DA:88,0
DA:97,0
DA:101,0
DA:105,0
DA:106,0
DA:123,0
DA:133,0
LF:44
LH:0
BRDA:30,0,0,0
BRDA:30,0,1,0
BRDA:48,1,0,0
BRDA:48,1,1,0
BRDA:50,2,0,0
BRDA:50,2,1,0
BRDA:57,3,0,0
BRDA:66,4,0,0
BRDA:66,4,1,0
BRDA:76,5,0,0
BRDA:76,5,1,0
BRDA:87,6,0,0
BRDA:87,6,1,0
BRDA:115,7,0,0
BRDA:115,7,1,0
BRF:15
BRH:0
end_of_record
TN:
SF:app\movies\[movieId].tsx
FN:29,(anonymous_0)
FN:39,(anonymous_1)
FN:40,(anonymous_2)
FN:55,(anonymous_3)
FN:79,(anonymous_4)
FN:86,(anonymous_5)
FN:94,(anonymous_6)
FN:126,(anonymous_7)
FN:159,(anonymous_8)
FNF:9
FNH:0
FNDA:0,(anonymous_0)
FNDA:0,(anonymous_1)
FNDA:0,(anonymous_2)
FNDA:0,(anonymous_3)
FNDA:0,(anonymous_4)
FNDA:0,(anonymous_5)
FNDA:0,(anonymous_6)
FNDA:0,(anonymous_7)
FNDA:0,(anonymous_8)
DA:29,0
DA:30,0
DA:31,0
DA:33,0
DA:34,0
DA:35,0
DA:36,0
DA:37,0
DA:39,0
DA:40,0
DA:41,0
DA:42,0
DA:43,0
DA:44,0
DA:46,0
DA:47,0
DA:48,0
DA:49,0
DA:55,0
DA:56,0
DA:57,0
DA:58,0
DA:59,0
DA:60,0
DA:61,0
DA:74,0
DA:79,0
DA:80,0
DA:81,0
DA:82,0
DA:83,0
DA:86,0
DA:87,0
DA:88,0
DA:89,0
DA:90,0
DA:92,0
DA:95,0
DA:114,0
DA:115,0
DA:123,0
DA:126,0
DA:160,0
LF:43
LH:0
BRDA:41,0,0,0
BRDA:41,0,1,0
BRDA:47,1,0,0
BRDA:47,1,1,0
BRDA:47,2,0,0
BRDA:47,2,1,0
BRDA:56,3,0,0
BRDA:56,3,1,0
BRDA:56,4,0,0
BRDA:56,4,1,0
BRDA:58,5,0,0
BRDA:58,5,1,0
BRDA:80,6,0,0
BRDA:80,6,1,0
BRDA:87,7,0,0
BRDA:87,7,1,0
BRDA:87,8,0,0
BRDA:87,8,1,0
BRDA:98,9,0,0
BRDA:98,9,1,0
BRDA:100,10,0,0
BRDA:100,10,1,0
BRDA:100,11,0,0
BRDA:100,11,1,0
BRDA:114,12,0,0
BRDA:114,12,1,0
BRDA:134,13,0,0
BRDA:134,13,1,0
BRDA:150,14,0,0
BRDA:150,14,1,0
BRDA:158,15,0,0
BRDA:158,15,1,0
BRDA:158,16,0,0
BRDA:158,16,1,0
BRDA:170,17,0,0
BRDA:170,17,1,0
BRDA:174,18,0,0
BRDA:174,18,1,0
BRDA:178,19,0,0
BRDA:178,19,1,0
BRF:40
BRH:0
end_of_record
TN:
SF:components\Collapsible.tsx
FN:10,Collapsible
FN:18,(anonymous_1)
FN:18,(anonymous_2)
FNF:3
FNH:0
FNDA:0,Collapsible
FNDA:0,(anonymous_1)
FNDA:0,(anonymous_2)
DA:11,0
DA:12,0
DA:14,0
DA:18,0
DA:35,0
LF:5
LH:0
BRDA:12,0,0,0
BRDA:12,0,1,0
BRDA:24,1,0,0
BRDA:24,1,1,0
BRDA:25,2,0,0
BRDA:25,2,1,0
BRDA:30,3,0,0
BRDA:30,3,1,0
BRF:8
BRH:0
end_of_record
TN:
SF:components\CustomDrawerContent.tsx
FN:7,CustomDrawerContent
FN:23,(anonymous_1)
FN:36,(anonymous_2)
FN:49,(anonymous_3)
FN:65,(anonymous_4)
FN:68,(anonymous_5)
FNF:6
FNH:0
FNDA:0,CustomDrawerContent
FNDA:0,(anonymous_1)
FNDA:0,(anonymous_2)
FNDA:0,(anonymous_3)
FNDA:0,(anonymous_4)
FNDA:0,(anonymous_5)
DA:8,0
DA:10,0
DA:19,0
DA:23,0
DA:36,0
DA:49,0
DA:66,0
DA:68,0
LF:8
LH:0
BRDA:58,0,0,0
BRDA:58,0,1,0
BRDA:63,1,0,0
BRDA:63,1,1,0
BRF:4
BRH:0
end_of_record
TN:
SF:components\ExternalLink.tsx
FN:8,ExternalLink
FN:14,(anonymous_1)
FNF:2
FNH:0
FNDA:0,ExternalLink
FNDA:0,(anonymous_1)
DA:9,0
DA:15,0
DA:17,0
DA:19,0
LF:4
LH:0
BRDA:15,0,0,0
BRDA:15,0,1,0
BRF:2
BRH:0
end_of_record
TN:
SF:components\HapticTab.tsx
FN:5,HapticTab
FN:9,(anonymous_1)
FNF:2
FNH:0
FNDA:0,HapticTab
FNDA:0,(anonymous_1)
DA:6,0
DA:10,0
DA:12,0
DA:14,0
LF:4
LH:0
BRDA:10,0,0,0
BRDA:10,0,1,0
BRF:2
BRH:0
end_of_record
TN:
SF:components\HelloWave.tsx
FN:13,HelloWave
FN:16,(anonymous_1)
FN:23,(anonymous_2)
FNF:3
FNH:0
FNDA:0,HelloWave
FNDA:0,(anonymous_1)
FNDA:0,(anonymous_2)
DA:14,0
DA:16,0
DA:17,0
DA:23,0
DA:27,0
DA:34,0
LF:6
LH:0
BRF:0
BRH:0
end_of_record
TN:
SF:components\MovieSearchHeader.tsx
FN:16,(anonymous_0)
FN:21,(anonymous_1)
FN:65,(anonymous_2)
FNF:3
FNH:0
FNDA:0,(anonymous_0)
FNDA:0,(anonymous_1)
FNDA:0,(anonymous_2)
DA:14,0
DA:16,0
DA:17,0
DA:18,0
DA:19,0
DA:21,0
DA:22,0
DA:24,0
DA:25,0
DA:26,0
DA:29,0
DA:37,0
DA:39,0
DA:43,0
DA:65,0
DA:97,0
LF:16
LH:0
BRDA:22,0,0,0
BRDA:22,0,1,0
BRDA:63,1,0,0
BRDA:63,1,1,0
BRDA:75,2,0,0
BRDA:75,2,1,0
BRDA:81,3,0,0
BRDA:81,3,1,0
BRF:8
BRH:0
end_of_record
TN:
SF:components\ParallaxScrollView.tsx
FN:21,ParallaxScrollView
FN:30,(anonymous_1)
FNF:2
FNH:0
FNDA:0,ParallaxScrollView
FNDA:0,(anonymous_1)
DA:14,0
DA:26,0
DA:27,0
DA:28,0
DA:29,0
DA:30,0
DA:31,0
DA:47,0
DA:68,0
LF:9
LH:0
BRDA:26,0,0,0
BRDA:26,0,1,0
BRF:2
BRH:0
end_of_record
TN:
SF:components\SearchBar.tsx
FN:10,(anonymous_0)
FN:14,(anonymous_1)
FN:28,(anonymous_2)
FNF:3
FNH:0
FNDA:0,(anonymous_0)
FNDA:0,(anonymous_1)
FNDA:0,(anonymous_2)
DA:10,0
DA:11,0
DA:12,0
DA:14,0
DA:15,0
DA:16,0
DA:17,0
DA:18,0
DA:19,0
DA:21,0
DA:23,0
DA:28,0
DA:29,0
DA:30,0
DA:33,0
DA:71,0
LF:16
LH:0
BRDA:15,0,0,0
BRDA:15,0,1,0
BRDA:54,1,0,0
BRDA:54,1,1,0
BRDA:57,2,0,0
BRDA:57,2,1,0
BRF:6
BRH:0
end_of_record
TN:
SF:components\SessionContext.tsx
FN:15,(anonymous_0)
FN:19,(anonymous_1)
FN:22,(anonymous_2)
FN:32,(anonymous_3)
FN:39,(anonymous_4)
FN:52,(anonymous_5)
FNF:6
FNH:0
FNDA:0,(anonymous_0)
FNDA:0,(anonymous_1)
FNDA:0,(anonymous_2)
FNDA:0,(anonymous_3)
FNDA:0,(anonymous_4)
FNDA:0,(anonymous_5)
DA:10,0
DA:15,0
DA:16,0
DA:17,0
DA:19,0
DA:20,0
DA:22,0
DA:23,0
DA:24,0
DA:25,0
DA:26,0
DA:30,0
DA:32,0
DA:33,0
DA:34,0
DA:35,0
DA:39,0
DA:40,0
DA:41,0
DA:45,0
DA:52,0
LF:21
LH:0
BRDA:24,0,0,0
BRDA:24,0,1,0
BRDA:25,1,0,0
BRDA:25,1,1,0
BRDA:34,2,0,0
BRDA:34,2,1,0
BRF:6
BRH:0
end_of_record
TN:
SF:components\ThemedText.tsx
FN:11,ThemedText
FNF:1
FNH:0
FNDA:0,ThemedText
DA:18,0
DA:20,0
DA:36,0
LF:3
LH:0
BRDA:15,0,0,0
BRDA:24,1,0,0
BRDA:24,1,1,0
BRDA:25,2,0,0
BRDA:25,2,1,0
BRDA:26,3,0,0
BRDA:26,3,1,0
BRDA:27,4,0,0
BRDA:27,4,1,0
BRDA:28,5,0,0
BRDA:28,5,1,0
BRF:11
BRH:0
end_of_record
TN:
SF:components\ThemedView.tsx
FN:10,ThemedView
FNF:1
FNH:0
FNDA:0,ThemedView
DA:11,0
DA:13,0
LF:2
LH:0
BRF:0
BRH:0
end_of_record
TN:
SF:components\auth.ts
FN:5,useAuthGuard
FN:8,(anonymous_1)
FNF:2
FNH:0
FNDA:0,useAuthGuard
FNDA:0,(anonymous_1)
DA:6,0
DA:8,0
DA:9,0
DA:10,0
DA:11,0
DA:15,0
LF:6
LH:0
BRDA:9,0,0,0
BRDA:9,0,1,0
BRDA:9,1,0,0
BRDA:9,1,1,0
BRF:4
BRH:0
end_of_record
TN:
SF:components\__tests__\ThemedText-test.tsx
FN:6,(anonymous_0)
FNF:1
FNH:0
FNDA:0,(anonymous_0)
DA:6,0
DA:7,0
DA:9,0
LF:3
LH:0
BRF:0
BRH:0
end_of_record
TN:
SF:lib\supabasefunctions.ts
FN:19,isMovieInWatchedList
FN:87,saveToWatched
FN:152,getSavedMovies
FN:183,(anonymous_3)
FN:192,handleLogout
FN:224,(anonymous_5)
FN:281,getUserId
FN:292,getTopGenres
FN:307,(anonymous_8)
FN:309,(anonymous_9)
FN:317,(anonymous_10)
FN:319,(anonymous_11)
FN:334,signUpUser
FN:361,atob
FN:382,insertUserData
FN:415,signUpAndCreateUser
FN:441,(anonymous_16)
FN:466,(anonymous_17)
FN:481,(anonymous_18)
FN:516,uploadonsignup
FN:571,decode
FN:581,atob1
FNF:22
FNH:13
FNDA:3,isMovieInWatchedList
FNDA:3,saveToWatched
FNDA:2,getSavedMovies
FNDA:0,(anonymous_3)
FNDA:2,handleLogout
FNDA:3,(anonymous_5)
FNDA:5,getUserId
FNDA:3,getTopGenres
FNDA:0,(anonymous_8)
FNDA:0,(anonymous_9)
FNDA:0,(anonymous_10)
FNDA:0,(anonymous_11)
FNDA:4,signUpUser
FNDA:0,atob
FNDA:2,insertUserData
FNDA:2,signUpAndCreateUser
FNDA:3,(anonymous_16)
FNDA:2,(anonymous_17)
FNDA:3,(anonymous_18)
FNDA:0,uploadonsignup
FNDA:0,decode
FNDA:0,atob1
DA:20,3
DA:22,3
DA:24,3
DA:26,3
DA:27,1
DA:28,1
DA:34,2
DA:37,2
DA:43,2
DA:44,1
DA:45,1
DA:53,1
DA:56,1
DA:57,1
DA:58,1
DA:59,1
DA:62,1
DA:63,1
DA:64,2
DA:65,2
DA:66,1
DA:67,1
DA:68,1
DA:72,1
DA:78,0
DA:79,0
DA:88,3
DA:90,3
DA:92,3
DA:94,3
DA:95,1
DA:96,1
DA:98,2
DA:101,2
DA:107,2
DA:108,0
DA:109,0
DA:113,2
DA:114,2
DA:117,2
DA:120,2
DA:121,2
DA:128,2
DA:137,2
DA:138,0
DA:139,0
DA:142,2
DA:143,2
DA:145,0
DA:146,0
DA:153,2
DA:155,2
DA:157,2
DA:159,2
DA:160,0
DA:161,0
DA:164,2
DA:165,0
DA:166,0
DA:169,2
DA:172,2
DA:177,2
DA:178,0
DA:179,0
DA:183,2
DA:184,0
DA:186,0
DA:188,2
DA:189,2
DA:193,2
DA:195,2
DA:198,2
DA:199,1
DA:200,1
DA:205,1
DA:208,1
DA:210,1
DA:216,1
DA:218,1
DA:224,1
DA:225,3
DA:227,3
DA:229,3
DA:230,1
DA:233,2
DA:236,2
DA:243,1
DA:244,0
DA:246,0
DA:258,0
DA:259,0
DA:260,0
DA:263,0
DA:264,0
DA:268,0
DA:273,1
DA:274,1
DA:276,2
DA:277,2
DA:282,5
DA:284,5
DA:285,1
DA:286,1
DA:289,4
DA:293,3
DA:295,3
DA:300,3
DA:301,0
DA:302,0
DA:305,3
DA:307,3
DA:308,0
DA:309,0
DA:310,0
DA:316,0
DA:317,0
DA:319,0
DA:321,0
DA:335,4
DA:337,4
DA:342,4
DA:343,3
DA:346,1
DA:347,0
DA:350,1
DA:352,3
DA:353,3
DA:363,0
DA:364,0
DA:365,0
DA:367,0
DA:368,0
DA:371,0
DA:372,0
DA:377,0
DA:380,0
DA:388,2
DA:390,2
DA:402,2
DA:403,1
DA:404,1
DA:407,1
DA:408,1
DA:410,1
DA:411,1
DA:422,2
DA:424,2
DA:425,0
DA:427,0
DA:430,0
DA:433,0
DA:435,2
DA:436,2
DA:441,1
DA:442,3
DA:443,3
DA:444,3
DA:446,2
DA:452,2
DA:453,1
DA:460,1
DA:461,1
DA:466,1
DA:467,2
DA:468,2
DA:473,2
DA:474,2
DA:476,0
DA:477,0
DA:481,1
DA:482,3
DA:483,3
DA:485,3
DA:486,1
DA:489,2
DA:490,2
DA:493,2
DA:494,2
DA:497,2
DA:504,2
DA:507,1
DA:508,1
DA:510,1
DA:512,2
DA:513,2
DA:517,0
DA:518,0
DA:520,0
DA:521,0
DA:524,0
DA:527,0
DA:532,0
DA:534,0
DA:537,0
DA:544,0
DA:545,0
DA:546,0
DA:549,0
DA:552,0
DA:556,0
DA:557,0
DA:559,0
DA:563,0
DA:565,0
DA:566,0
DA:572,0
DA:573,0
DA:574,0
DA:575,0
DA:577,0
DA:582,0
DA:583,0
DA:584,0
DA:586,0
DA:587,0
DA:590,0
DA:591,0
DA:596,0
DA:599,0
LF:219
LH:136
BRDA:26,0,0,1
BRDA:26,0,1,2
BRDA:26,1,0,3
BRDA:26,1,1,3
BRDA:27,2,0,1
BRDA:27,2,1,1
BRDA:31,3,0,1
BRDA:31,3,1,1
BRDA:43,4,0,1
BRDA:43,4,1,1
BRDA:56,5,0,1
BRDA:56,5,1,0
BRDA:59,6,0,1
BRDA:59,6,1,0
BRDA:65,7,0,1
BRDA:65,7,1,1
BRDA:82,8,0,0
BRDA:82,8,1,0
BRDA:94,9,0,1
BRDA:94,9,1,2
BRDA:94,10,0,3
BRDA:94,10,1,2
BRDA:95,11,0,1
BRDA:95,11,1,0
BRDA:96,12,0,1
BRDA:96,12,1,0
BRDA:107,13,0,0
BRDA:107,13,1,2
BRDA:113,14,0,2
BRDA:113,14,1,0
BRDA:120,15,0,2
BRDA:120,15,1,0
BRDA:121,16,0,2
BRDA:121,16,1,0
BRDA:123,17,0,0
BRDA:123,17,1,0
BRDA:125,18,0,0
BRDA:125,18,1,0
BRDA:137,19,0,0
BRDA:137,19,1,2
BRDA:139,20,0,0
BRDA:139,20,1,0
BRDA:148,21,0,0
BRDA:148,21,1,0
BRDA:159,22,0,0
BRDA:159,22,1,2
BRDA:164,23,0,0
BRDA:164,23,1,2
BRDA:177,24,0,0
BRDA:177,24,1,2
BRDA:189,25,0,2
BRDA:189,25,1,0
BRDA:198,26,0,1
BRDA:198,26,1,1
BRDA:220,27,0,1
BRDA:220,27,1,0
BRDA:229,28,0,1
BRDA:229,28,1,2
BRDA:229,29,0,3
BRDA:229,29,1,3
BRDA:243,30,0,0
BRDA:243,30,1,1
BRDA:244,31,0,0
BRDA:244,31,1,0
BRDA:258,32,0,0
BRDA:258,32,1,0
BRDA:284,33,0,1
BRDA:284,33,1,4
BRDA:284,34,0,5
BRDA:284,34,1,5
BRDA:300,35,0,0
BRDA:300,35,1,3
BRDA:308,36,0,0
BRDA:308,36,1,0
BRDA:308,37,0,0
BRDA:308,37,1,0
BRDA:310,38,0,0
BRDA:310,38,1,0
BRDA:342,39,0,3
BRDA:342,39,1,1
BRDA:346,40,0,0
BRDA:346,40,1,1
BRDA:367,41,0,0
BRDA:367,41,1,0
BRDA:374,42,0,0
BRDA:374,42,1,0
BRDA:374,43,0,0
BRDA:374,43,1,0
BRDA:374,44,0,0
BRDA:374,44,1,0
BRDA:395,45,0,2
BRDA:395,45,1,0
BRDA:396,46,0,2
BRDA:396,46,1,2
BRDA:402,47,0,1
BRDA:402,47,1,1
BRDA:427,48,0,0
BRDA:427,48,1,0
BRDA:444,49,0,1
BRDA:444,49,1,2
BRDA:452,50,0,1
BRDA:452,50,1,1
BRDA:454,51,0,1
BRDA:454,51,1,0
BRDA:455,52,0,1
BRDA:455,52,1,0
BRDA:456,53,0,1
BRDA:456,53,1,1
BRDA:473,54,0,0
BRDA:473,54,1,2
BRDA:485,55,0,1
BRDA:485,55,1,2
BRDA:504,56,0,1
BRDA:504,56,1,1
BRDA:520,57,0,0
BRDA:520,57,1,0
BRDA:544,58,0,0
BRDA:544,58,1,0
BRDA:556,59,0,0
BRDA:556,59,1,0
BRDA:556,60,0,0
BRDA:556,60,1,0
BRDA:586,61,0,0
BRDA:586,61,1,0
BRDA:593,62,0,0
BRDA:593,62,1,0
BRDA:593,63,0,0
BRDA:593,63,1,0
BRDA:593,64,0,0
BRDA:593,64,1,0
BRF:130
BRH:63
end_of_record
TN:
SF:lib\supabse.ts
FNF:0
FNH:0
DA:4,0
DA:5,0
DA:7,0
LF:3
LH:0
BRF:0
BRH:0
end_of_record
TN:
SF:lib\tmdb.ts
FNF:0
FNH:0
DA:3,2
DA:4,2
DA:6,2
LF:3
LH:3
BRF:0
BRH:0
end_of_record
TN:
SF:lib\tmdbfunctions.ts
FN:12,(anonymous_0)
FN:24,(anonymous_1)
FN:34,(anonymous_2)
FN:36,(anonymous_3)
FN:37,(anonymous_4)
FN:51,(anonymous_5)
FN:56,(anonymous_6)
FN:64,(anonymous_7)
FN:86,(anonymous_8)
FN:107,(anonymous_9)
FN:124,getMovieGenre
FN:137,(anonymous_11)
FN:153,getMovieRecommendations
FNF:13
FNH:11
FNDA:1,(anonymous_0)
FNDA:2,(anonymous_1)
FNDA:2,(anonymous_2)
FNDA:2,(anonymous_3)
FNDA:0,(anonymous_4)
FNDA:3,(anonymous_5)
FNDA:12,(anonymous_6)
FNDA:1,(anonymous_7)
FNDA:100,(anonymous_8)
FNDA:2,(anonymous_9)
FNDA:2,getMovieGenre
FNDA:0,(anonymous_11)
FNDA:2,getMovieRecommendations
DA:12,2
DA:13,1
DA:14,1
DA:15,5
DA:18,5
DA:19,5
DA:21,1
DA:24,2
DA:25,2
DA:26,2
DA:27,0
DA:29,2
DA:30,2
DA:34,2
DA:35,2
DA:36,2
DA:37,2
DA:39,0
DA:41,2
DA:42,2
DA:51,2
DA:52,3
DA:53,3
DA:54,3
DA:55,3
DA:56,12
DA:57,3
DA:59,0
DA:60,0
DA:64,2
DA:65,1
DA:67,1
DA:69,1
DA:70,0
DA:71,0
DA:73,1
DA:74,1
DA:75,5
DA:79,5
DA:80,0
DA:83,5
DA:86,5
DA:87,100
DA:90,5
DA:92,1
DA:93,1
DA:95,0
DA:96,0
DA:107,2
DA:108,2
DA:109,2
DA:117,1
DA:119,1
DA:120,1
DA:129,2
DA:130,2
DA:137,1
DA:139,0
DA:144,2
DA:145,2
DA:154,2
DA:155,2
DA:156,2
DA:158,2
DA:159,2
DA:160,2
DA:162,1
DA:163,1
DA:164,5
DA:167,5
DA:168,5
DA:171,1
DA:173,0
DA:174,0
LF:74
LH:62
BRDA:57,0,0,3
BRDA:57,0,1,0
BRDA:69,1,0,0
BRDA:69,1,1,1
BRDA:79,2,0,0
BRDA:79,2,1,5
BRDA:87,3,0,100
BRDA:87,3,1,100
BRDA:87,3,2,100
BRDA:148,4,0,2
BRDA:148,4,1,0
BRDA:160,5,0,1
BRDA:160,5,1,1
BRF:13
BRH:9
end_of_record
TN:
SF:lib\useSession.ts
FN:5,useSession
FN:9,(anonymous_1)
FN:12,(anonymous_2)
FN:22,(anonymous_3)
FN:29,(anonymous_4)
FNF:5
FNH:0
FNDA:0,useSession
FNDA:0,(anonymous_1)
FNDA:0,(anonymous_2)
FNDA:0,(anonymous_3)
FNDA:0,(anonymous_4)
DA:6,0
DA:7,0
DA:9,0
DA:10,0
DA:12,0
DA:13,0
DA:14,0
DA:15,0
DA:16,0
DA:20,0
DA:22,0
DA:23,0
DA:24,0
DA:25,0
DA:29,0
DA:30,0
DA:31,0
DA:35,0
LF:18
LH:0
BRDA:14,0,0,0
BRDA:14,0,1,0
BRDA:15,1,0,0
BRDA:15,1,1,0
BRDA:24,2,0,0
BRDA:24,2,1,0
BRF:6
BRH:0
end_of_record
TN:
SF:styles\categorystyles.tsx
FNF:0
FNH:0
DA:3,1
LF:1
LH:1
BRF:0
BRH:0
end_of_record
TN:
SF:styles\drawerstyles.tsx
FNF:0
FNH:0
DA:5,1
LF:1
LH:1
BRDA:8,0,0,0
BRDA:8,0,1,1
BRF:2
BRH:1
end_of_record
TN:
SF:styles\loginstyles.tsx
FNF:0
FNH:0
DA:4,1
DA:11,1
LF:2
LH:2
BRF:0
BRH:0
end_of_record
TN:
SF:styles\mainmovestyles.tsx
FNF:0
FNH:0
DA:4,2
LF:1
LH:1
BRF:0
BRH:0
end_of_record
TN:
SF:styles\moviedetailsstyles.tsx
FNF:0
FNH:0
DA:3,1
LF:1
LH:1
BRF:0
BRH:0
end_of_record
TN:
SF:styles\profileinfostyles.tsx
FNF:0
FNH:0
DA:3,2
LF:1
LH:1
BRF:0
BRH:0
end_of_record
TN:
SF:styles\reccomendationstyles.tsx
FNF:0
FNH:0
DA:3,2
LF:1
LH:1
BRF:0
BRH:0
end_of_record
TN:
SF:styles\savedmoviestyles.tsx
FNF:0
FNH:0
DA:3,2
LF:1
LH:1
BRF:0
BRH:0
end_of_record
TN:
SF:styles\searchstyles.tsx
FNF:0
FNH:0
DA:3,0
LF:1
LH:0
BRF:0
BRH:0
end_of_record
TN:
SF:styles\signupstyles.tsx
FNF:0
FNH:0
DA:3,0
DA:12,0
LF:2
LH:0
BRF:0
BRH:0
end_of_record
